<?xml version="1.0" encoding="UTF-8"?>
<!-- Generated by org.testng.reporters.JUnitReportReporter -->
<testsuite hostname="SOHAM-LAPTOP" failures="0" tests="1" name="com.webappsecurity.zero.TestScripts.VerifyFundTransferTest" time="7.790" errors="0" timestamp="2020-11-17T11:44:04 MST" skipped="0">
  <testcase classname="com.webappsecurity.zero.TestScripts.VerifyFundTransferTest" name="verifyFundTransfer" time="7.790"/>
</testsuite> <!-- com.webappsecurity.zero.TestScripts.VerifyFundTransferTest -->
