<?xml version="1.0" encoding="UTF-8"?>
<!-- Generated by org.testng.reporters.JUnitReportReporter -->
<testsuite hostname="SOHAM-LAPTOP" failures="0" tests="1" name="kdf.Application" time="22.446" errors="0" timestamp="2020-11-22T20:17:46 MST" skipped="0">
  <testcase classname="kdf.Application" name="verifyInvalidLogin" time="22.446"/>
</testsuite> <!-- kdf.Application -->
